{"/home/avt/avtomat/backend/server.js": {"path":"/home/avt/avtomat/backend/server.js","statementMap":{"0":{"start":{"line":7,"column":16},"end":{"line":7,"column":34}},"1":{"start":{"line":8,"column":13},"end":{"line":8,"column":28}},"2":{"start":{"line":9,"column":15},"end":{"line":9,"column":32}},"3":{"start":{"line":11,"column":12},"end":{"line":11,"column":21}},"4":{"start":{"line":12,"column":0},"end":{"line":12,"column":16}},"5":{"start":{"line":13,"column":0},"end":{"line":13,"column":24}},"6":{"start":{"line":16,"column":0},"end":{"line":19,"column":3}},"7":{"start":{"line":17,"column":2},"end":{"line":17,"column":72}},"8":{"start":{"line":18,"column":2},"end":{"line":18,"column":9}},"9":{"start":{"line":27,"column":14},"end":{"line":30,"column":1}},"10":{"start":{"line":33,"column":17},"end":{"line":33,"column":26}},"11":{"start":{"line":36,"column":16},"end":{"line":36,"column":18}},"12":{"start":{"line":37,"column":13},"end":{"line":37,"column":15}},"13":{"start":{"line":38,"column":15},"end":{"line":38,"column":17}},"14":{"start":{"line":39,"column":19},"end":{"line":39,"column":21}},"15":{"start":{"line":41,"column":13},"end":{"line":41,"column":14}},"16":{"start":{"line":42,"column":14},"end":{"line":42,"column":28}},"17":{"start":{"line":42,"column":20},"end":{"line":42,"column":28}},"18":{"start":{"line":49,"column":2},"end":{"line":49,"column":48}},"19":{"start":{"line":53,"column":14},"end":{"line":53,"column":48}},"20":{"start":{"line":54,"column":16},"end":{"line":54,"column":63}},"21":{"start":{"line":55,"column":2},"end":{"line":61,"column":3}},"22":{"start":{"line":56,"column":17},"end":{"line":56,"column":36}},"23":{"start":{"line":57,"column":14},"end":{"line":57,"column":53}},"24":{"start":{"line":57,"column":32},"end":{"line":57,"column":52}},"25":{"start":{"line":58,"column":4},"end":{"line":60,"column":5}},"26":{"start":{"line":59,"column":6},"end":{"line":59,"column":81}},"27":{"start":{"line":62,"column":2},"end":{"line":62,"column":9}},"28":{"start":{"line":66,"column":2},"end":{"line":69,"column":5}},"29":{"start":{"line":67,"column":4},"end":{"line":67,"column":72}},"30":{"start":{"line":67,"column":19},"end":{"line":67,"column":72}},"31":{"start":{"line":68,"column":4},"end":{"line":68,"column":11}},"32":{"start":{"line":73,"column":2},"end":{"line":76,"column":5}},"33":{"start":{"line":74,"column":4},"end":{"line":74,"column":84}},"34":{"start":{"line":74,"column":35},"end":{"line":74,"column":84}},"35":{"start":{"line":75,"column":4},"end":{"line":75,"column":11}},"36":{"start":{"line":80,"column":0},"end":{"line":80,"column":22}},"37":{"start":{"line":85,"column":0},"end":{"line":92,"column":3}},"38":{"start":{"line":86,"column":30},"end":{"line":86,"column":44}},"39":{"start":{"line":87,"column":12},"end":{"line":87,"column":75}},"40":{"start":{"line":87,"column":30},"end":{"line":87,"column":74}},"41":{"start":{"line":88,"column":2},"end":{"line":88,"column":67}},"42":{"start":{"line":88,"column":10},"end":{"line":88,"column":67}},"43":{"start":{"line":89,"column":16},"end":{"line":89,"column":27}},"44":{"start":{"line":90,"column":2},"end":{"line":90,"column":91}},"45":{"start":{"line":91,"column":2},"end":{"line":91,"column":66}},"46":{"start":{"line":95,"column":0},"end":{"line":97,"column":3}},"47":{"start":{"line":96,"column":2},"end":{"line":96,"column":103}},"48":{"start":{"line":100,"column":0},"end":{"line":103,"column":3}},"49":{"start":{"line":101,"column":2},"end":{"line":101,"column":34}},"50":{"start":{"line":102,"column":2},"end":{"line":102,"column":24}},"51":{"start":{"line":109,"column":22},"end":{"line":109,"column":50}},"52":{"start":{"line":116,"column":0},"end":{"line":122,"column":3}},"53":{"start":{"line":117,"column":17},"end":{"line":120,"column":4}},"54":{"start":{"line":118,"column":24},"end":{"line":118,"column":75}},"55":{"start":{"line":118,"column":45},"end":{"line":118,"column":67}},"56":{"start":{"line":119,"column":4},"end":{"line":119,"column":33}},"57":{"start":{"line":121,"column":2},"end":{"line":121,"column":19}},"58":{"start":{"line":124,"column":0},"end":{"line":130,"column":3}},"59":{"start":{"line":125,"column":13},"end":{"line":125,"column":37}},"60":{"start":{"line":126,"column":19},"end":{"line":126,"column":53}},"61":{"start":{"line":126,"column":41},"end":{"line":126,"column":52}},"62":{"start":{"line":127,"column":2},"end":{"line":127,"column":59}},"63":{"start":{"line":127,"column":17},"end":{"line":127,"column":59}},"64":{"start":{"line":128,"column":22},"end":{"line":128,"column":71}},"65":{"start":{"line":128,"column":43},"end":{"line":128,"column":63}},"66":{"start":{"line":129,"column":2},"end":{"line":129,"column":41}},"67":{"start":{"line":132,"column":0},"end":{"line":138,"column":3}},"68":{"start":{"line":133,"column":13},"end":{"line":133,"column":37}},"69":{"start":{"line":134,"column":17},"end":{"line":136,"column":68}},"70":{"start":{"line":135,"column":19},"end":{"line":135,"column":39}},"71":{"start":{"line":136,"column":20},"end":{"line":136,"column":67}},"72":{"start":{"line":137,"column":2},"end":{"line":137,"column":19}},"73":{"start":{"line":141,"column":0},"end":{"line":146,"column":3}},"74":{"start":{"line":142,"column":46},"end":{"line":142,"column":60}},"75":{"start":{"line":143,"column":12},"end":{"line":143,"column":74}},"76":{"start":{"line":144,"column":2},"end":{"line":144,"column":20}},"77":{"start":{"line":145,"column":2},"end":{"line":145,"column":26}},"78":{"start":{"line":150,"column":13},"end":{"line":150,"column":37}},"79":{"start":{"line":151,"column":12},"end":{"line":151,"column":46}},"80":{"start":{"line":151,"column":34},"end":{"line":151,"column":45}},"81":{"start":{"line":152,"column":2},"end":{"line":152,"column":52}},"82":{"start":{"line":152,"column":10},"end":{"line":152,"column":52}},"83":{"start":{"line":153,"column":21},"end":{"line":153,"column":61}},"84":{"start":{"line":153,"column":40},"end":{"line":153,"column":60}},"85":{"start":{"line":154,"column":2},"end":{"line":154,"column":103}},"86":{"start":{"line":154,"column":18},"end":{"line":154,"column":103}},"87":{"start":{"line":155,"column":2},"end":{"line":155,"column":35}},"88":{"start":{"line":156,"column":2},"end":{"line":156,"column":14}},"89":{"start":{"line":158,"column":0},"end":{"line":158,"column":58}},"90":{"start":{"line":159,"column":0},"end":{"line":159,"column":56}},"91":{"start":{"line":162,"column":0},"end":{"line":170,"column":3}},"92":{"start":{"line":163,"column":13},"end":{"line":163,"column":37}},"93":{"start":{"line":164,"column":21},"end":{"line":164,"column":61}},"94":{"start":{"line":164,"column":40},"end":{"line":164,"column":60}},"95":{"start":{"line":165,"column":2},"end":{"line":165,"column":97}},"96":{"start":{"line":165,"column":18},"end":{"line":165,"column":97}},"97":{"start":{"line":166,"column":17},"end":{"line":166,"column":33}},"98":{"start":{"line":167,"column":2},"end":{"line":167,"column":51}},"99":{"start":{"line":167,"column":38},"end":{"line":167,"column":49}},"100":{"start":{"line":168,"column":2},"end":{"line":168,"column":77}},"101":{"start":{"line":168,"column":35},"end":{"line":168,"column":77}},"102":{"start":{"line":169,"column":2},"end":{"line":169,"column":24}},"103":{"start":{"line":176,"column":0},"end":{"line":195,"column":3}},"104":{"start":{"line":177,"column":23},"end":{"line":177,"column":32}},"105":{"start":{"line":178,"column":15},"end":{"line":178,"column":26}},"106":{"start":{"line":179,"column":2},"end":{"line":189,"column":3}},"107":{"start":{"line":180,"column":4},"end":{"line":188,"column":7}},"108":{"start":{"line":181,"column":20},"end":{"line":181,"column":42}},"109":{"start":{"line":182,"column":18},"end":{"line":182,"column":58}},"110":{"start":{"line":183,"column":23},"end":{"line":183,"column":51}},"111":{"start":{"line":184,"column":21},"end":{"line":184,"column":45}},"112":{"start":{"line":185,"column":6},"end":{"line":185,"column":58}},"113":{"start":{"line":185,"column":45},"end":{"line":185,"column":58}},"114":{"start":{"line":186,"column":6},"end":{"line":186,"column":49}},"115":{"start":{"line":186,"column":36},"end":{"line":186,"column":49}},"116":{"start":{"line":187,"column":6},"end":{"line":187,"column":18}},"117":{"start":{"line":190,"column":2},"end":{"line":193,"column":5}},"118":{"start":{"line":191,"column":14},"end":{"line":191,"column":59}},"119":{"start":{"line":191,"column":36},"end":{"line":191,"column":58}},"120":{"start":{"line":192,"column":4},"end":{"line":192,"column":44}},"121":{"start":{"line":194,"column":2},"end":{"line":194,"column":19}},"122":{"start":{"line":197,"column":0},"end":{"line":206,"column":3}},"123":{"start":{"line":198,"column":13},"end":{"line":198,"column":37}},"124":{"start":{"line":199,"column":12},"end":{"line":199,"column":43}},"125":{"start":{"line":199,"column":31},"end":{"line":199,"column":42}},"126":{"start":{"line":200,"column":2},"end":{"line":200,"column":52}},"127":{"start":{"line":200,"column":10},"end":{"line":200,"column":52}},"128":{"start":{"line":201,"column":12},"end":{"line":201,"column":59}},"129":{"start":{"line":201,"column":35},"end":{"line":201,"column":58}},"130":{"start":{"line":202,"column":18},"end":{"line":204,"column":62}},"131":{"start":{"line":203,"column":20},"end":{"line":203,"column":38}},"132":{"start":{"line":204,"column":17},"end":{"line":204,"column":61}},"133":{"start":{"line":204,"column":38},"end":{"line":204,"column":60}},"134":{"start":{"line":205,"column":2},"end":{"line":205,"column":54}},"135":{"start":{"line":209,"column":0},"end":{"line":220,"column":3}},"136":{"start":{"line":210,"column":54},"end":{"line":210,"column":68}},"137":{"start":{"line":211,"column":12},"end":{"line":217,"column":3}},"138":{"start":{"line":218,"column":2},"end":{"line":218,"column":17}},"139":{"start":{"line":219,"column":2},"end":{"line":219,"column":26}},"140":{"start":{"line":224,"column":13},"end":{"line":224,"column":37}},"141":{"start":{"line":225,"column":12},"end":{"line":225,"column":43}},"142":{"start":{"line":225,"column":31},"end":{"line":225,"column":42}},"143":{"start":{"line":226,"column":2},"end":{"line":226,"column":52}},"144":{"start":{"line":226,"column":10},"end":{"line":226,"column":52}},"145":{"start":{"line":227,"column":54},"end":{"line":227,"column":68}},"146":{"start":{"line":228,"column":2},"end":{"line":228,"column":40}},"147":{"start":{"line":228,"column":26},"end":{"line":228,"column":40}},"148":{"start":{"line":229,"column":2},"end":{"line":229,"column":72}},"149":{"start":{"line":229,"column":33},"end":{"line":229,"column":72}},"150":{"start":{"line":230,"column":2},"end":{"line":230,"column":58}},"151":{"start":{"line":230,"column":32},"end":{"line":230,"column":58}},"152":{"start":{"line":231,"column":2},"end":{"line":231,"column":60}},"153":{"start":{"line":231,"column":30},"end":{"line":231,"column":60}},"154":{"start":{"line":232,"column":2},"end":{"line":232,"column":14}},"155":{"start":{"line":234,"column":0},"end":{"line":234,"column":52}},"156":{"start":{"line":235,"column":0},"end":{"line":235,"column":50}},"157":{"start":{"line":238,"column":0},"end":{"line":245,"column":3}},"158":{"start":{"line":239,"column":13},"end":{"line":239,"column":37}},"159":{"start":{"line":240,"column":17},"end":{"line":240,"column":30}},"160":{"start":{"line":241,"column":2},"end":{"line":241,"column":45}},"161":{"start":{"line":241,"column":32},"end":{"line":241,"column":43}},"162":{"start":{"line":242,"column":2},"end":{"line":242,"column":74}},"163":{"start":{"line":242,"column":32},"end":{"line":242,"column":74}},"164":{"start":{"line":243,"column":2},"end":{"line":243,"column":65}},"165":{"start":{"line":243,"column":45},"end":{"line":243,"column":63}},"166":{"start":{"line":244,"column":2},"end":{"line":244,"column":24}},"167":{"start":{"line":248,"column":0},"end":{"line":256,"column":3}},"168":{"start":{"line":249,"column":19},"end":{"line":249,"column":43}},"169":{"start":{"line":250,"column":25},"end":{"line":250,"column":39}},"170":{"start":{"line":251,"column":14},"end":{"line":251,"column":35}},"171":{"start":{"line":252,"column":17},"end":{"line":252,"column":93}},"172":{"start":{"line":252,"column":43},"end":{"line":252,"column":92}},"173":{"start":{"line":253,"column":2},"end":{"line":253,"column":67}},"174":{"start":{"line":253,"column":14},"end":{"line":253,"column":67}},"175":{"start":{"line":254,"column":2},"end":{"line":254,"column":51}},"176":{"start":{"line":255,"column":2},"end":{"line":255,"column":54}},"177":{"start":{"line":262,"column":0},"end":{"line":288,"column":3}},"178":{"start":{"line":263,"column":37},"end":{"line":263,"column":46}},"179":{"start":{"line":264,"column":15},"end":{"line":264,"column":28}},"180":{"start":{"line":265,"column":2},"end":{"line":280,"column":3}},"181":{"start":{"line":266,"column":4},"end":{"line":279,"column":7}},"182":{"start":{"line":267,"column":17},"end":{"line":267,"column":68}},"183":{"start":{"line":267,"column":45},"end":{"line":267,"column":67}},"184":{"start":{"line":268,"column":6},"end":{"line":278,"column":9}},"185":{"start":{"line":269,"column":18},"end":{"line":269,"column":58}},"186":{"start":{"line":269,"column":37},"end":{"line":269,"column":57}},"187":{"start":{"line":270,"column":8},"end":{"line":270,"column":29}},"188":{"start":{"line":270,"column":16},"end":{"line":270,"column":29}},"189":{"start":{"line":271,"column":22},"end":{"line":271,"column":44}},"190":{"start":{"line":272,"column":20},"end":{"line":272,"column":60}},"191":{"start":{"line":273,"column":25},"end":{"line":273,"column":67}},"192":{"start":{"line":274,"column":23},"end":{"line":274,"column":61}},"193":{"start":{"line":275,"column":8},"end":{"line":275,"column":60}},"194":{"start":{"line":275,"column":47},"end":{"line":275,"column":60}},"195":{"start":{"line":276,"column":8},"end":{"line":276,"column":51}},"196":{"start":{"line":276,"column":38},"end":{"line":276,"column":51}},"197":{"start":{"line":277,"column":8},"end":{"line":277,"column":20}},"198":{"start":{"line":283,"column":2},"end":{"line":285,"column":3}},"199":{"start":{"line":284,"column":4},"end":{"line":284,"column":90}},"200":{"start":{"line":284,"column":32},"end":{"line":284,"column":87}},"201":{"start":{"line":287,"column":2},"end":{"line":287,"column":19}},"202":{"start":{"line":291,"column":0},"end":{"line":296,"column":3}},"203":{"start":{"line":292,"column":33},"end":{"line":292,"column":47}},"204":{"start":{"line":293,"column":12},"end":{"line":293,"column":47}},"205":{"start":{"line":294,"column":2},"end":{"line":294,"column":19}},"206":{"start":{"line":295,"column":2},"end":{"line":295,"column":26}},"207":{"start":{"line":300,"column":13},"end":{"line":300,"column":37}},"208":{"start":{"line":301,"column":12},"end":{"line":301,"column":45}},"209":{"start":{"line":301,"column":33},"end":{"line":301,"column":44}},"210":{"start":{"line":302,"column":2},"end":{"line":302,"column":51}},"211":{"start":{"line":302,"column":10},"end":{"line":302,"column":51}},"212":{"start":{"line":303,"column":33},"end":{"line":303,"column":47}},"213":{"start":{"line":304,"column":2},"end":{"line":304,"column":55}},"214":{"start":{"line":304,"column":31},"end":{"line":304,"column":55}},"215":{"start":{"line":305,"column":2},"end":{"line":305,"column":49}},"216":{"start":{"line":305,"column":29},"end":{"line":305,"column":49}},"217":{"start":{"line":306,"column":2},"end":{"line":306,"column":14}},"218":{"start":{"line":308,"column":0},"end":{"line":308,"column":56}},"219":{"start":{"line":309,"column":0},"end":{"line":309,"column":54}},"220":{"start":{"line":312,"column":0},"end":{"line":320,"column":3}},"221":{"start":{"line":313,"column":13},"end":{"line":313,"column":37}},"222":{"start":{"line":314,"column":23},"end":{"line":314,"column":70}},"223":{"start":{"line":314,"column":49},"end":{"line":314,"column":69}},"224":{"start":{"line":315,"column":2},"end":{"line":315,"column":102}},"225":{"start":{"line":315,"column":20},"end":{"line":315,"column":102}},"226":{"start":{"line":316,"column":17},"end":{"line":316,"column":32}},"227":{"start":{"line":317,"column":2},"end":{"line":317,"column":49}},"228":{"start":{"line":317,"column":36},"end":{"line":317,"column":47}},"229":{"start":{"line":318,"column":2},"end":{"line":318,"column":75}},"230":{"start":{"line":318,"column":34},"end":{"line":318,"column":75}},"231":{"start":{"line":319,"column":2},"end":{"line":319,"column":24}},"232":{"start":{"line":326,"column":0},"end":{"line":337,"column":3}},"233":{"start":{"line":327,"column":17},"end":{"line":327,"column":19}},"234":{"start":{"line":328,"column":2},"end":{"line":335,"column":5}},"235":{"start":{"line":329,"column":4},"end":{"line":334,"column":7}},"236":{"start":{"line":330,"column":20},"end":{"line":332,"column":14}},"237":{"start":{"line":331,"column":16},"end":{"line":331,"column":108}},"238":{"start":{"line":331,"column":61},"end":{"line":331,"column":107}},"239":{"start":{"line":333,"column":6},"end":{"line":333,"column":101}},"240":{"start":{"line":333,"column":21},"end":{"line":333,"column":101}},"241":{"start":{"line":336,"column":2},"end":{"line":336,"column":19}},"242":{"start":{"line":339,"column":0},"end":{"line":349,"column":3}},"243":{"start":{"line":340,"column":17},"end":{"line":347,"column":4}},"244":{"start":{"line":341,"column":23},"end":{"line":345,"column":5}},"245":{"start":{"line":343,"column":23},"end":{"line":343,"column":45}},"246":{"start":{"line":344,"column":24},"end":{"line":344,"column":100}},"247":{"start":{"line":344,"column":52},"end":{"line":344,"column":72}},"248":{"start":{"line":344,"column":86},"end":{"line":344,"column":99}},"249":{"start":{"line":346,"column":4},"end":{"line":346,"column":66}},"250":{"start":{"line":348,"column":2},"end":{"line":348,"column":19}},"251":{"start":{"line":354,"column":0},"end":{"line":363,"column":3}},"252":{"start":{"line":355,"column":17},"end":{"line":355,"column":19}},"253":{"start":{"line":356,"column":2},"end":{"line":361,"column":5}},"254":{"start":{"line":357,"column":4},"end":{"line":360,"column":5}},"255":{"start":{"line":358,"column":22},"end":{"line":358,"column":85}},"256":{"start":{"line":358,"column":62},"end":{"line":358,"column":77}},"257":{"start":{"line":359,"column":6},"end":{"line":359,"column":51}},"258":{"start":{"line":362,"column":2},"end":{"line":362,"column":19}},"259":{"start":{"line":368,"column":13},"end":{"line":368,"column":17}},"260":{"start":{"line":370,"column":0},"end":{"line":374,"column":1}},"261":{"start":{"line":371,"column":2},"end":{"line":373,"column":5}},"262":{"start":{"line":372,"column":4},"end":{"line":372,"column":57}},"263":{"start":{"line":376,"column":0},"end":{"line":376,"column":21}}},"fnMap":{"0":{"name":"(anonymous_0)","decl":{"start":{"line":16,"column":8},"end":{"line":16,"column":9}},"loc":{"start":{"line":16,"column":29},"end":{"line":19,"column":1}},"line":16},"1":{"name":"(anonymous_1)","decl":{"start":{"line":42,"column":14},"end":{"line":42,"column":15}},"loc":{"start":{"line":42,"column":20},"end":{"line":42,"column":28}},"line":42},"2":{"name":"makeToken","decl":{"start":{"line":48,"column":9},"end":{"line":48,"column":18}},"loc":{"start":{"line":48,"column":21},"end":{"line":50,"column":1}},"line":48},"3":{"name":"authOptional","decl":{"start":{"line":52,"column":9},"end":{"line":52,"column":21}},"loc":{"start":{"line":52,"column":39},"end":{"line":63,"column":1}},"line":52},"4":{"name":"(anonymous_4)","decl":{"start":{"line":57,"column":25},"end":{"line":57,"column":26}},"loc":{"start":{"line":57,"column":32},"end":{"line":57,"column":52}},"line":57},"5":{"name":"requireAuth","decl":{"start":{"line":65,"column":9},"end":{"line":65,"column":20}},"loc":{"start":{"line":65,"column":37},"end":{"line":70,"column":1}},"line":65},"6":{"name":"(anonymous_6)","decl":{"start":{"line":66,"column":25},"end":{"line":66,"column":26}},"loc":{"start":{"line":66,"column":31},"end":{"line":69,"column":3}},"line":66},"7":{"name":"requireAdmin","decl":{"start":{"line":72,"column":9},"end":{"line":72,"column":21}},"loc":{"start":{"line":72,"column":38},"end":{"line":77,"column":1}},"line":72},"8":{"name":"(anonymous_8)","decl":{"start":{"line":73,"column":24},"end":{"line":73,"column":25}},"loc":{"start":{"line":73,"column":30},"end":{"line":76,"column":3}},"line":73},"9":{"name":"(anonymous_9)","decl":{"start":{"line":85,"column":24},"end":{"line":85,"column":25}},"loc":{"start":{"line":85,"column":38},"end":{"line":92,"column":1}},"line":85},"10":{"name":"(anonymous_10)","decl":{"start":{"line":87,"column":23},"end":{"line":87,"column":24}},"loc":{"start":{"line":87,"column":30},"end":{"line":87,"column":74}},"line":87},"11":{"name":"(anonymous_11)","decl":{"start":{"line":95,"column":33},"end":{"line":95,"column":34}},"loc":{"start":{"line":95,"column":47},"end":{"line":97,"column":1}},"line":95},"12":{"name":"(anonymous_12)","decl":{"start":{"line":100,"column":38},"end":{"line":100,"column":39}},"loc":{"start":{"line":100,"column":52},"end":{"line":103,"column":1}},"line":100},"13":{"name":"(anonymous_13)","decl":{"start":{"line":116,"column":22},"end":{"line":116,"column":23}},"loc":{"start":{"line":116,"column":37},"end":{"line":122,"column":1}},"line":116},"14":{"name":"(anonymous_14)","decl":{"start":{"line":117,"column":31},"end":{"line":117,"column":32}},"loc":{"start":{"line":117,"column":38},"end":{"line":120,"column":3}},"line":117},"15":{"name":"(anonymous_15)","decl":{"start":{"line":118,"column":38},"end":{"line":118,"column":39}},"loc":{"start":{"line":118,"column":45},"end":{"line":118,"column":67}},"line":118},"16":{"name":"(anonymous_16)","decl":{"start":{"line":124,"column":26},"end":{"line":124,"column":27}},"loc":{"start":{"line":124,"column":40},"end":{"line":130,"column":1}},"line":124},"17":{"name":"(anonymous_17)","decl":{"start":{"line":126,"column":34},"end":{"line":126,"column":35}},"loc":{"start":{"line":126,"column":41},"end":{"line":126,"column":52}},"line":126},"18":{"name":"(anonymous_18)","decl":{"start":{"line":128,"column":36},"end":{"line":128,"column":37}},"loc":{"start":{"line":128,"column":43},"end":{"line":128,"column":63}},"line":128},"19":{"name":"(anonymous_19)","decl":{"start":{"line":132,"column":33},"end":{"line":132,"column":34}},"loc":{"start":{"line":132,"column":47},"end":{"line":138,"column":1}},"line":132},"20":{"name":"(anonymous_20)","decl":{"start":{"line":135,"column":12},"end":{"line":135,"column":13}},"loc":{"start":{"line":135,"column":19},"end":{"line":135,"column":39}},"line":135},"21":{"name":"(anonymous_21)","decl":{"start":{"line":136,"column":10},"end":{"line":136,"column":11}},"loc":{"start":{"line":136,"column":20},"end":{"line":136,"column":67}},"line":136},"22":{"name":"(anonymous_22)","decl":{"start":{"line":141,"column":37},"end":{"line":141,"column":38}},"loc":{"start":{"line":141,"column":51},"end":{"line":146,"column":1}},"line":141},"23":{"name":"updateMountain","decl":{"start":{"line":149,"column":9},"end":{"line":149,"column":23}},"loc":{"start":{"line":149,"column":34},"end":{"line":157,"column":1}},"line":149},"24":{"name":"(anonymous_24)","decl":{"start":{"line":151,"column":27},"end":{"line":151,"column":28}},"loc":{"start":{"line":151,"column":34},"end":{"line":151,"column":45}},"line":151},"25":{"name":"(anonymous_25)","decl":{"start":{"line":153,"column":33},"end":{"line":153,"column":34}},"loc":{"start":{"line":153,"column":40},"end":{"line":153,"column":60}},"line":153},"26":{"name":"(anonymous_26)","decl":{"start":{"line":162,"column":43},"end":{"line":162,"column":44}},"loc":{"start":{"line":162,"column":57},"end":{"line":170,"column":1}},"line":162},"27":{"name":"(anonymous_27)","decl":{"start":{"line":164,"column":33},"end":{"line":164,"column":34}},"loc":{"start":{"line":164,"column":40},"end":{"line":164,"column":60}},"line":164},"28":{"name":"(anonymous_28)","decl":{"start":{"line":167,"column":31},"end":{"line":167,"column":32}},"loc":{"start":{"line":167,"column":38},"end":{"line":167,"column":49}},"line":167},"29":{"name":"(anonymous_29)","decl":{"start":{"line":176,"column":19},"end":{"line":176,"column":20}},"loc":{"start":{"line":176,"column":33},"end":{"line":195,"column":1}},"line":176},"30":{"name":"(anonymous_30)","decl":{"start":{"line":180,"column":27},"end":{"line":180,"column":28}},"loc":{"start":{"line":180,"column":34},"end":{"line":188,"column":5}},"line":180},"31":{"name":"(anonymous_31)","decl":{"start":{"line":190,"column":22},"end":{"line":190,"column":23}},"loc":{"start":{"line":190,"column":29},"end":{"line":193,"column":3}},"line":190},"32":{"name":"(anonymous_32)","decl":{"start":{"line":191,"column":29},"end":{"line":191,"column":30}},"loc":{"start":{"line":191,"column":36},"end":{"line":191,"column":58}},"line":191},"33":{"name":"(anonymous_33)","decl":{"start":{"line":197,"column":23},"end":{"line":197,"column":24}},"loc":{"start":{"line":197,"column":37},"end":{"line":206,"column":1}},"line":197},"34":{"name":"(anonymous_34)","decl":{"start":{"line":199,"column":24},"end":{"line":199,"column":25}},"loc":{"start":{"line":199,"column":31},"end":{"line":199,"column":42}},"line":199},"35":{"name":"(anonymous_35)","decl":{"start":{"line":201,"column":27},"end":{"line":201,"column":28}},"loc":{"start":{"line":201,"column":35},"end":{"line":201,"column":58}},"line":201},"36":{"name":"(anonymous_36)","decl":{"start":{"line":203,"column":12},"end":{"line":203,"column":13}},"loc":{"start":{"line":203,"column":20},"end":{"line":203,"column":38}},"line":203},"37":{"name":"(anonymous_37)","decl":{"start":{"line":204,"column":9},"end":{"line":204,"column":10}},"loc":{"start":{"line":204,"column":17},"end":{"line":204,"column":61}},"line":204},"38":{"name":"(anonymous_38)","decl":{"start":{"line":204,"column":31},"end":{"line":204,"column":32}},"loc":{"start":{"line":204,"column":38},"end":{"line":204,"column":60}},"line":204},"39":{"name":"(anonymous_39)","decl":{"start":{"line":209,"column":34},"end":{"line":209,"column":35}},"loc":{"start":{"line":209,"column":48},"end":{"line":220,"column":1}},"line":209},"40":{"name":"updateGroup","decl":{"start":{"line":223,"column":9},"end":{"line":223,"column":20}},"loc":{"start":{"line":223,"column":31},"end":{"line":233,"column":1}},"line":223},"41":{"name":"(anonymous_41)","decl":{"start":{"line":225,"column":24},"end":{"line":225,"column":25}},"loc":{"start":{"line":225,"column":31},"end":{"line":225,"column":42}},"line":225},"42":{"name":"(anonymous_42)","decl":{"start":{"line":238,"column":40},"end":{"line":238,"column":41}},"loc":{"start":{"line":238,"column":54},"end":{"line":245,"column":1}},"line":238},"43":{"name":"(anonymous_43)","decl":{"start":{"line":241,"column":25},"end":{"line":241,"column":26}},"loc":{"start":{"line":241,"column":32},"end":{"line":241,"column":43}},"line":241},"44":{"name":"(anonymous_44)","decl":{"start":{"line":243,"column":37},"end":{"line":243,"column":38}},"loc":{"start":{"line":243,"column":45},"end":{"line":243,"column":63}},"line":243},"45":{"name":"(anonymous_45)","decl":{"start":{"line":248,"column":46},"end":{"line":248,"column":47}},"loc":{"start":{"line":248,"column":60},"end":{"line":256,"column":1}},"line":248},"46":{"name":"(anonymous_46)","decl":{"start":{"line":252,"column":35},"end":{"line":252,"column":36}},"loc":{"start":{"line":252,"column":43},"end":{"line":252,"column":92}},"line":252},"47":{"name":"(anonymous_47)","decl":{"start":{"line":262,"column":21},"end":{"line":262,"column":22}},"loc":{"start":{"line":262,"column":35},"end":{"line":288,"column":1}},"line":262},"48":{"name":"(anonymous_48)","decl":{"start":{"line":266,"column":29},"end":{"line":266,"column":30}},"loc":{"start":{"line":266,"column":36},"end":{"line":279,"column":5}},"line":266},"49":{"name":"(anonymous_49)","decl":{"start":{"line":267,"column":37},"end":{"line":267,"column":38}},"loc":{"start":{"line":267,"column":45},"end":{"line":267,"column":67}},"line":267},"50":{"name":"(anonymous_50)","decl":{"start":{"line":268,"column":21},"end":{"line":268,"column":22}},"loc":{"start":{"line":268,"column":29},"end":{"line":278,"column":7}},"line":268},"51":{"name":"(anonymous_51)","decl":{"start":{"line":269,"column":30},"end":{"line":269,"column":31}},"loc":{"start":{"line":269,"column":37},"end":{"line":269,"column":57}},"line":269},"52":{"name":"(anonymous_52)","decl":{"start":{"line":284,"column":24},"end":{"line":284,"column":25}},"loc":{"start":{"line":284,"column":32},"end":{"line":284,"column":87}},"line":284},"53":{"name":"(anonymous_53)","decl":{"start":{"line":291,"column":36},"end":{"line":291,"column":37}},"loc":{"start":{"line":291,"column":50},"end":{"line":296,"column":1}},"line":291},"54":{"name":"updateClimber","decl":{"start":{"line":299,"column":9},"end":{"line":299,"column":22}},"loc":{"start":{"line":299,"column":33},"end":{"line":307,"column":1}},"line":299},"55":{"name":"(anonymous_55)","decl":{"start":{"line":301,"column":26},"end":{"line":301,"column":27}},"loc":{"start":{"line":301,"column":33},"end":{"line":301,"column":44}},"line":301},"56":{"name":"(anonymous_56)","decl":{"start":{"line":312,"column":42},"end":{"line":312,"column":43}},"loc":{"start":{"line":312,"column":56},"end":{"line":320,"column":1}},"line":312},"57":{"name":"(anonymous_57)","decl":{"start":{"line":314,"column":41},"end":{"line":314,"column":42}},"loc":{"start":{"line":314,"column":49},"end":{"line":314,"column":69}},"line":314},"58":{"name":"(anonymous_58)","decl":{"start":{"line":317,"column":29},"end":{"line":317,"column":30}},"loc":{"start":{"line":317,"column":36},"end":{"line":317,"column":47}},"line":317},"59":{"name":"(anonymous_59)","decl":{"start":{"line":326,"column":51},"end":{"line":326,"column":52}},"loc":{"start":{"line":326,"column":66},"end":{"line":337,"column":1}},"line":326},"60":{"name":"(anonymous_60)","decl":{"start":{"line":328,"column":19},"end":{"line":328,"column":20}},"loc":{"start":{"line":328,"column":26},"end":{"line":335,"column":3}},"line":328},"61":{"name":"(anonymous_61)","decl":{"start":{"line":329,"column":22},"end":{"line":329,"column":23}},"loc":{"start":{"line":329,"column":29},"end":{"line":334,"column":5}},"line":329},"62":{"name":"(anonymous_62)","decl":{"start":{"line":331,"column":8},"end":{"line":331,"column":9}},"loc":{"start":{"line":331,"column":16},"end":{"line":331,"column":108}},"line":331},"63":{"name":"(anonymous_63)","decl":{"start":{"line":331,"column":54},"end":{"line":331,"column":55}},"loc":{"start":{"line":331,"column":61},"end":{"line":331,"column":107}},"line":331},"64":{"name":"(anonymous_64)","decl":{"start":{"line":339,"column":47},"end":{"line":339,"column":48}},"loc":{"start":{"line":339,"column":62},"end":{"line":349,"column":1}},"line":339},"65":{"name":"(anonymous_65)","decl":{"start":{"line":340,"column":31},"end":{"line":340,"column":32}},"loc":{"start":{"line":340,"column":38},"end":{"line":347,"column":3}},"line":340},"66":{"name":"(anonymous_66)","decl":{"start":{"line":343,"column":16},"end":{"line":343,"column":17}},"loc":{"start":{"line":343,"column":23},"end":{"line":343,"column":45}},"line":343},"67":{"name":"(anonymous_67)","decl":{"start":{"line":344,"column":17},"end":{"line":344,"column":18}},"loc":{"start":{"line":344,"column":24},"end":{"line":344,"column":100}},"line":344},"68":{"name":"(anonymous_68)","decl":{"start":{"line":344,"column":44},"end":{"line":344,"column":45}},"loc":{"start":{"line":344,"column":52},"end":{"line":344,"column":72}},"line":344},"69":{"name":"(anonymous_69)","decl":{"start":{"line":344,"column":78},"end":{"line":344,"column":79}},"loc":{"start":{"line":344,"column":86},"end":{"line":344,"column":99}},"line":344},"70":{"name":"(anonymous_70)","decl":{"start":{"line":354,"column":27},"end":{"line":354,"column":28}},"loc":{"start":{"line":354,"column":42},"end":{"line":363,"column":1}},"line":354},"71":{"name":"(anonymous_71)","decl":{"start":{"line":356,"column":28},"end":{"line":356,"column":29}},"loc":{"start":{"line":356,"column":35},"end":{"line":361,"column":3}},"line":356},"72":{"name":"(anonymous_72)","decl":{"start":{"line":358,"column":55},"end":{"line":358,"column":56}},"loc":{"start":{"line":358,"column":62},"end":{"line":358,"column":77}},"line":358},"73":{"name":"(anonymous_73)","decl":{"start":{"line":371,"column":19},"end":{"line":371,"column":20}},"loc":{"start":{"line":371,"column":25},"end":{"line":373,"column":3}},"line":371}},"branchMap":{"0":{"loc":{"start":{"line":53,"column":14},"end":{"line":53,"column":48}},"type":"binary-expr","locations":[{"start":{"line":53,"column":14},"end":{"line":53,"column":42}},{"start":{"line":53,"column":46},"end":{"line":53,"column":48}}],"line":53},"1":{"loc":{"start":{"line":54,"column":16},"end":{"line":54,"column":63}},"type":"cond-expr","locations":[{"start":{"line":54,"column":44},"end":{"line":54,"column":56}},{"start":{"line":54,"column":59},"end":{"line":54,"column":63}}],"line":54},"2":{"loc":{"start":{"line":55,"column":2},"end":{"line":61,"column":3}},"type":"if","locations":[{"start":{"line":55,"column":2},"end":{"line":61,"column":3}},{"start":{},"end":{}}],"line":55},"3":{"loc":{"start":{"line":55,"column":6},"end":{"line":55,"column":34}},"type":"binary-expr","locations":[{"start":{"line":55,"column":6},"end":{"line":55,"column":11}},{"start":{"line":55,"column":15},"end":{"line":55,"column":34}}],"line":55},"4":{"loc":{"start":{"line":58,"column":4},"end":{"line":60,"column":5}},"type":"if","locations":[{"start":{"line":58,"column":4},"end":{"line":60,"column":5}},{"start":{},"end":{}}],"line":58},"5":{"loc":{"start":{"line":67,"column":4},"end":{"line":67,"column":72}},"type":"if","locations":[{"start":{"line":67,"column":4},"end":{"line":67,"column":72}},{"start":{},"end":{}}],"line":67},"6":{"loc":{"start":{"line":74,"column":4},"end":{"line":74,"column":84}},"type":"if","locations":[{"start":{"line":74,"column":4},"end":{"line":74,"column":84}},{"start":{},"end":{}}],"line":74},"7":{"loc":{"start":{"line":86,"column":30},"end":{"line":86,"column":44}},"type":"binary-expr","locations":[{"start":{"line":86,"column":30},"end":{"line":86,"column":38}},{"start":{"line":86,"column":42},"end":{"line":86,"column":44}}],"line":86},"8":{"loc":{"start":{"line":87,"column":30},"end":{"line":87,"column":74}},"type":"binary-expr","locations":[{"start":{"line":87,"column":30},"end":{"line":87,"column":47}},{"start":{"line":87,"column":51},"end":{"line":87,"column":74}}],"line":87},"9":{"loc":{"start":{"line":88,"column":2},"end":{"line":88,"column":67}},"type":"if","locations":[{"start":{"line":88,"column":2},"end":{"line":88,"column":67}},{"start":{},"end":{}}],"line":88},"10":{"loc":{"start":{"line":127,"column":2},"end":{"line":127,"column":59}},"type":"if","locations":[{"start":{"line":127,"column":2},"end":{"line":127,"column":59}},{"start":{},"end":{}}],"line":127},"11":{"loc":{"start":{"line":142,"column":46},"end":{"line":142,"column":60}},"type":"binary-expr","locations":[{"start":{"line":142,"column":46},"end":{"line":142,"column":54}},{"start":{"line":142,"column":58},"end":{"line":142,"column":60}}],"line":142},"12":{"loc":{"start":{"line":143,"column":60},"end":{"line":143,"column":72}},"type":"binary-expr","locations":[{"start":{"line":143,"column":60},"end":{"line":143,"column":66}},{"start":{"line":143,"column":70},"end":{"line":143,"column":72}}],"line":143},"13":{"loc":{"start":{"line":152,"column":2},"end":{"line":152,"column":52}},"type":"if","locations":[{"start":{"line":152,"column":2},"end":{"line":152,"column":52}},{"start":{},"end":{}}],"line":152},"14":{"loc":{"start":{"line":154,"column":2},"end":{"line":154,"column":103}},"type":"if","locations":[{"start":{"line":154,"column":2},"end":{"line":154,"column":103}},{"start":{},"end":{}}],"line":154},"15":{"loc":{"start":{"line":155,"column":19},"end":{"line":155,"column":33}},"type":"binary-expr","locations":[{"start":{"line":155,"column":19},"end":{"line":155,"column":27}},{"start":{"line":155,"column":31},"end":{"line":155,"column":33}}],"line":155},"16":{"loc":{"start":{"line":165,"column":2},"end":{"line":165,"column":97}},"type":"if","locations":[{"start":{"line":165,"column":2},"end":{"line":165,"column":97}},{"start":{},"end":{}}],"line":165},"17":{"loc":{"start":{"line":168,"column":2},"end":{"line":168,"column":77}},"type":"if","locations":[{"start":{"line":168,"column":2},"end":{"line":168,"column":77}},{"start":{},"end":{}}],"line":168},"18":{"loc":{"start":{"line":179,"column":2},"end":{"line":189,"column":3}},"type":"if","locations":[{"start":{"line":179,"column":2},"end":{"line":189,"column":3}},{"start":{},"end":{}}],"line":179},"19":{"loc":{"start":{"line":179,"column":6},"end":{"line":179,"column":16}},"type":"binary-expr","locations":[{"start":{"line":179,"column":6},"end":{"line":179,"column":10}},{"start":{"line":179,"column":14},"end":{"line":179,"column":16}}],"line":179},"20":{"loc":{"start":{"line":182,"column":18},"end":{"line":182,"column":58}},"type":"cond-expr","locations":[{"start":{"line":182,"column":31},"end":{"line":182,"column":51}},{"start":{"line":182,"column":54},"end":{"line":182,"column":58}}],"line":182},"21":{"loc":{"start":{"line":183,"column":23},"end":{"line":183,"column":51}},"type":"cond-expr","locations":[{"start":{"line":183,"column":30},"end":{"line":183,"column":44}},{"start":{"line":183,"column":47},"end":{"line":183,"column":51}}],"line":183},"22":{"loc":{"start":{"line":184,"column":21},"end":{"line":184,"column":45}},"type":"cond-expr","locations":[{"start":{"line":184,"column":26},"end":{"line":184,"column":38}},{"start":{"line":184,"column":41},"end":{"line":184,"column":45}}],"line":184},"23":{"loc":{"start":{"line":185,"column":6},"end":{"line":185,"column":58}},"type":"if","locations":[{"start":{"line":185,"column":6},"end":{"line":185,"column":58}},{"start":{},"end":{}}],"line":185},"24":{"loc":{"start":{"line":185,"column":10},"end":{"line":185,"column":43}},"type":"binary-expr","locations":[{"start":{"line":185,"column":10},"end":{"line":185,"column":18}},{"start":{"line":185,"column":22},"end":{"line":185,"column":25}},{"start":{"line":185,"column":29},"end":{"line":185,"column":43}}],"line":185},"25":{"loc":{"start":{"line":186,"column":6},"end":{"line":186,"column":49}},"type":"if","locations":[{"start":{"line":186,"column":6},"end":{"line":186,"column":49}},{"start":{},"end":{}}],"line":186},"26":{"loc":{"start":{"line":186,"column":10},"end":{"line":186,"column":34}},"type":"binary-expr","locations":[{"start":{"line":186,"column":10},"end":{"line":186,"column":16}},{"start":{"line":186,"column":20},"end":{"line":186,"column":34}}],"line":186},"27":{"loc":{"start":{"line":200,"column":2},"end":{"line":200,"column":52}},"type":"if","locations":[{"start":{"line":200,"column":2},"end":{"line":200,"column":52}},{"start":{},"end":{}}],"line":200},"28":{"loc":{"start":{"line":210,"column":54},"end":{"line":210,"column":68}},"type":"binary-expr","locations":[{"start":{"line":210,"column":54},"end":{"line":210,"column":62}},{"start":{"line":210,"column":66},"end":{"line":210,"column":68}}],"line":210},"29":{"loc":{"start":{"line":216,"column":14},"end":{"line":216,"column":30}},"type":"binary-expr","locations":[{"start":{"line":216,"column":14},"end":{"line":216,"column":22}},{"start":{"line":216,"column":26},"end":{"line":216,"column":30}}],"line":216},"30":{"loc":{"start":{"line":226,"column":2},"end":{"line":226,"column":52}},"type":"if","locations":[{"start":{"line":226,"column":2},"end":{"line":226,"column":52}},{"start":{},"end":{}}],"line":226},"31":{"loc":{"start":{"line":227,"column":54},"end":{"line":227,"column":68}},"type":"binary-expr","locations":[{"start":{"line":227,"column":54},"end":{"line":227,"column":62}},{"start":{"line":227,"column":66},"end":{"line":227,"column":68}}],"line":227},"32":{"loc":{"start":{"line":228,"column":2},"end":{"line":228,"column":40}},"type":"if","locations":[{"start":{"line":228,"column":2},"end":{"line":228,"column":40}},{"start":{},"end":{}}],"line":228},"33":{"loc":{"start":{"line":229,"column":2},"end":{"line":229,"column":72}},"type":"if","locations":[{"start":{"line":229,"column":2},"end":{"line":229,"column":72}},{"start":{},"end":{}}],"line":229},"34":{"loc":{"start":{"line":230,"column":2},"end":{"line":230,"column":58}},"type":"if","locations":[{"start":{"line":230,"column":2},"end":{"line":230,"column":58}},{"start":{},"end":{}}],"line":230},"35":{"loc":{"start":{"line":231,"column":2},"end":{"line":231,"column":60}},"type":"if","locations":[{"start":{"line":231,"column":2},"end":{"line":231,"column":60}},{"start":{},"end":{}}],"line":231},"36":{"loc":{"start":{"line":231,"column":43},"end":{"line":231,"column":59}},"type":"binary-expr","locations":[{"start":{"line":231,"column":43},"end":{"line":231,"column":51}},{"start":{"line":231,"column":55},"end":{"line":231,"column":59}}],"line":231},"37":{"loc":{"start":{"line":242,"column":2},"end":{"line":242,"column":74}},"type":"if","locations":[{"start":{"line":242,"column":2},"end":{"line":242,"column":74}},{"start":{},"end":{}}],"line":242},"38":{"loc":{"start":{"line":250,"column":25},"end":{"line":250,"column":39}},"type":"binary-expr","locations":[{"start":{"line":250,"column":25},"end":{"line":250,"column":33}},{"start":{"line":250,"column":37},"end":{"line":250,"column":39}}],"line":250},"39":{"loc":{"start":{"line":252,"column":43},"end":{"line":252,"column":92}},"type":"binary-expr","locations":[{"start":{"line":252,"column":43},"end":{"line":252,"column":67}},{"start":{"line":252,"column":71},"end":{"line":252,"column":92}}],"line":252},"40":{"loc":{"start":{"line":253,"column":2},"end":{"line":253,"column":67}},"type":"if","locations":[{"start":{"line":253,"column":2},"end":{"line":253,"column":67}},{"start":{},"end":{}}],"line":253},"41":{"loc":{"start":{"line":265,"column":2},"end":{"line":280,"column":3}},"type":"if","locations":[{"start":{"line":265,"column":2},"end":{"line":280,"column":3}},{"start":{},"end":{}}],"line":265},"42":{"loc":{"start":{"line":265,"column":6},"end":{"line":265,"column":30}},"type":"binary-expr","locations":[{"start":{"line":265,"column":6},"end":{"line":265,"column":17}},{"start":{"line":265,"column":21},"end":{"line":265,"column":30}}],"line":265},"43":{"loc":{"start":{"line":270,"column":8},"end":{"line":270,"column":29}},"type":"if","locations":[{"start":{"line":270,"column":8},"end":{"line":270,"column":29}},{"start":{},"end":{}}],"line":270},"44":{"loc":{"start":{"line":272,"column":20},"end":{"line":272,"column":60}},"type":"cond-expr","locations":[{"start":{"line":272,"column":33},"end":{"line":272,"column":53}},{"start":{"line":272,"column":56},"end":{"line":272,"column":60}}],"line":272},"45":{"loc":{"start":{"line":273,"column":25},"end":{"line":273,"column":67}},"type":"cond-expr","locations":[{"start":{"line":273,"column":39},"end":{"line":273,"column":60}},{"start":{"line":273,"column":63},"end":{"line":273,"column":67}}],"line":273},"46":{"loc":{"start":{"line":274,"column":23},"end":{"line":274,"column":61}},"type":"cond-expr","locations":[{"start":{"line":274,"column":35},"end":{"line":274,"column":54}},{"start":{"line":274,"column":57},"end":{"line":274,"column":61}}],"line":274},"47":{"loc":{"start":{"line":275,"column":8},"end":{"line":275,"column":60}},"type":"if","locations":[{"start":{"line":275,"column":8},"end":{"line":275,"column":60}},{"start":{},"end":{}}],"line":275},"48":{"loc":{"start":{"line":275,"column":12},"end":{"line":275,"column":45}},"type":"binary-expr","locations":[{"start":{"line":275,"column":12},"end":{"line":275,"column":20}},{"start":{"line":275,"column":24},"end":{"line":275,"column":27}},{"start":{"line":275,"column":31},"end":{"line":275,"column":45}}],"line":275},"49":{"loc":{"start":{"line":276,"column":8},"end":{"line":276,"column":51}},"type":"if","locations":[{"start":{"line":276,"column":8},"end":{"line":276,"column":51}},{"start":{},"end":{}}],"line":276},"50":{"loc":{"start":{"line":276,"column":12},"end":{"line":276,"column":36}},"type":"binary-expr","locations":[{"start":{"line":276,"column":12},"end":{"line":276,"column":18}},{"start":{"line":276,"column":22},"end":{"line":276,"column":36}}],"line":276},"51":{"loc":{"start":{"line":283,"column":2},"end":{"line":285,"column":3}},"type":"if","locations":[{"start":{"line":283,"column":2},"end":{"line":285,"column":3}},{"start":{},"end":{}}],"line":283},"52":{"loc":{"start":{"line":283,"column":6},"end":{"line":283,"column":43}},"type":"binary-expr","locations":[{"start":{"line":283,"column":6},"end":{"line":283,"column":15}},{"start":{"line":283,"column":19},"end":{"line":283,"column":43}}],"line":283},"53":{"loc":{"start":{"line":292,"column":33},"end":{"line":292,"column":47}},"type":"binary-expr","locations":[{"start":{"line":292,"column":33},"end":{"line":292,"column":41}},{"start":{"line":292,"column":45},"end":{"line":292,"column":47}}],"line":292},"54":{"loc":{"start":{"line":302,"column":2},"end":{"line":302,"column":51}},"type":"if","locations":[{"start":{"line":302,"column":2},"end":{"line":302,"column":51}},{"start":{},"end":{}}],"line":302},"55":{"loc":{"start":{"line":303,"column":33},"end":{"line":303,"column":47}},"type":"binary-expr","locations":[{"start":{"line":303,"column":33},"end":{"line":303,"column":41}},{"start":{"line":303,"column":45},"end":{"line":303,"column":47}}],"line":303},"56":{"loc":{"start":{"line":304,"column":2},"end":{"line":304,"column":55}},"type":"if","locations":[{"start":{"line":304,"column":2},"end":{"line":304,"column":55}},{"start":{},"end":{}}],"line":304},"57":{"loc":{"start":{"line":305,"column":2},"end":{"line":305,"column":49}},"type":"if","locations":[{"start":{"line":305,"column":2},"end":{"line":305,"column":49}},{"start":{},"end":{}}],"line":305},"58":{"loc":{"start":{"line":315,"column":2},"end":{"line":315,"column":102}},"type":"if","locations":[{"start":{"line":315,"column":2},"end":{"line":315,"column":102}},{"start":{},"end":{}}],"line":315},"59":{"loc":{"start":{"line":318,"column":2},"end":{"line":318,"column":75}},"type":"if","locations":[{"start":{"line":318,"column":2},"end":{"line":318,"column":75}},{"start":{},"end":{}}],"line":318},"60":{"loc":{"start":{"line":331,"column":16},"end":{"line":331,"column":108}},"type":"binary-expr","locations":[{"start":{"line":331,"column":16},"end":{"line":331,"column":38}},{"start":{"line":331,"column":42},"end":{"line":331,"column":108}}],"line":331},"61":{"loc":{"start":{"line":331,"column":61},"end":{"line":331,"column":107}},"type":"binary-expr","locations":[{"start":{"line":331,"column":61},"end":{"line":331,"column":81}},{"start":{"line":331,"column":85},"end":{"line":331,"column":107}}],"line":331},"62":{"loc":{"start":{"line":333,"column":6},"end":{"line":333,"column":101}},"type":"if","locations":[{"start":{"line":333,"column":6},"end":{"line":333,"column":101}},{"start":{},"end":{}}],"line":333},"63":{"loc":{"start":{"line":357,"column":4},"end":{"line":360,"column":5}},"type":"if","locations":[{"start":{"line":357,"column":4},"end":{"line":360,"column":5}},{"start":{},"end":{}}],"line":357},"64":{"loc":{"start":{"line":370,"column":0},"end":{"line":374,"column":1}},"type":"if","locations":[{"start":{"line":370,"column":0},"end":{"line":374,"column":1}},{"start":{},"end":{}}],"line":370}},"s":{"0":7,"1":7,"2":7,"3":7,"4":7,"5":7,"6":7,"7":18,"8":18,"9":7,"10":7,"11":7,"12":7,"13":7,"14":7,"15":7,"16":7,"17":4,"18":5,"19":27,"20":27,"21":27,"22":14,"23":14,"24":16,"25":14,"26":14,"27":27,"28":9,"29":9,"30":2,"31":7,"32":6,"33":5,"34":1,"35":4,"36":7,"37":7,"38":5,"39":5,"40":6,"41":5,"42":0,"43":5,"44":5,"45":5,"46":7,"47":1,"48":7,"49":1,"50":1,"51":7,"52":7,"53":1,"54":0,"55":0,"56":0,"57":1,"58":7,"59":0,"60":0,"61":0,"62":0,"63":0,"64":0,"65":0,"66":0,"67":7,"68":0,"69":0,"70":0,"71":0,"72":0,"73":7,"74":2,"75":2,"76":2,"77":2,"78":0,"79":0,"80":0,"81":0,"82":0,"83":0,"84":0,"85":0,"86":0,"87":0,"88":0,"89":7,"90":7,"91":7,"92":0,"93":0,"94":0,"95":0,"96":0,"97":0,"98":0,"99":0,"100":0,"101":0,"102":0,"103":7,"104":1,"105":1,"106":1,"107":0,"108":0,"109":0,"110":0,"111":0,"112":0,"113":0,"114":0,"115":0,"116":0,"117":1,"118":1,"119":1,"120":1,"121":1,"122":7,"123":0,"124":0,"125":0,"126":0,"127":0,"128":0,"129":0,"130":0,"131":0,"132":0,"133":0,"134":0,"135":7,"136":1,"137":1,"138":1,"139":1,"140":0,"141":0,"142":0,"143":0,"144":0,"145":0,"146":0,"147":0,"148":0,"149":0,"150":0,"151":0,"152":0,"153":0,"154":0,"155":7,"156":7,"157":7,"158":0,"159":0,"160":0,"161":0,"162":0,"163":0,"164":0,"165":0,"166":0,"167":7,"168":0,"169":0,"170":0,"171":0,"172":0,"173":0,"174":0,"175":0,"176":0,"177":7,"178":1,"179":1,"180":1,"181":0,"182":0,"183":0,"184":0,"185":0,"186":0,"187":0,"188":0,"189":0,"190":0,"191":0,"192":0,"193":0,"194":0,"195":0,"196":0,"197":0,"198":1,"199":1,"200":1,"201":1,"202":7,"203":1,"204":1,"205":1,"206":1,"207":0,"208":0,"209":0,"210":0,"211":0,"212":0,"213":0,"214":0,"215":0,"216":0,"217":0,"218":7,"219":7,"220":7,"221":0,"222":0,"223":0,"224":0,"225":0,"226":0,"227":0,"228":0,"229":0,"230":0,"231":0,"232":7,"233":0,"234":0,"235":0,"236":0,"237":0,"238":0,"239":0,"240":0,"241":0,"242":7,"243":1,"244":0,"245":0,"246":0,"247":0,"248":0,"249":0,"250":1,"251":7,"252":0,"253":0,"254":0,"255":0,"256":0,"257":0,"258":0,"259":7,"260":7,"261":0,"262":0,"263":7},"f":{"0":18,"1":4,"2":5,"3":27,"4":16,"5":9,"6":9,"7":6,"8":5,"9":5,"10":6,"11":1,"12":1,"13":1,"14":0,"15":0,"16":0,"17":0,"18":0,"19":0,"20":0,"21":0,"22":2,"23":0,"24":0,"25":0,"26":0,"27":0,"28":0,"29":1,"30":0,"31":1,"32":1,"33":0,"34":0,"35":0,"36":0,"37":0,"38":0,"39":1,"40":0,"41":0,"42":0,"43":0,"44":0,"45":0,"46":0,"47":1,"48":0,"49":0,"50":0,"51":0,"52":1,"53":1,"54":0,"55":0,"56":0,"57":0,"58":0,"59":0,"60":0,"61":0,"62":0,"63":0,"64":1,"65":0,"66":0,"67":0,"68":0,"69":0,"70":0,"71":0,"72":0,"73":0},"b":{"0":[27,13],"1":[14,13],"2":[14,13],"3":[27,14],"4":[14,0],"5":[2,7],"6":[1,4],"7":[5,0],"8":[6,5],"9":[0,5],"10":[0,0],"11":[2,0],"12":[2,2],"13":[0,0],"14":[0,0],"15":[0,0],"16":[0,0],"17":[0,0],"18":[0,1],"19":[1,1],"20":[0,0],"21":[0,0],"22":[0,0],"23":[0,0],"24":[0,0,0],"25":[0,0],"26":[0,0],"27":[0,0],"28":[1,0],"29":[1,1],"30":[0,0],"31":[0,0],"32":[0,0],"33":[0,0],"34":[0,0],"35":[0,0],"36":[0,0],"37":[0,0],"38":[0,0],"39":[0,0],"40":[0,0],"41":[0,1],"42":[1,1],"43":[0,0],"44":[0,0],"45":[0,0],"46":[0,0],"47":[0,0],"48":[0,0,0],"49":[0,0],"50":[0,0],"51":[1,0],"52":[1,0],"53":[1,0],"54":[0,0],"55":[0,0],"56":[0,0],"57":[0,0],"58":[0,0],"59":[0,0],"60":[0,0],"61":[0,0],"62":[0,0],"63":[0,0],"64":[0,7]},"_coverageSchema":"1a1c01bbd47fc00a2c39e90264f33305004495a9","hash":"9bccf4f441714158704559e25811250da715abed"}
,"/home/avt/avtomat/backend/utils/ensureInt.js": {"path":"/home/avt/avtomat/backend/utils/ensureInt.js","statementMap":{"0":{"start":{"line":2,"column":12},"end":{"line":2,"column":21}},"1":{"start":{"line":3,"column":2},"end":{"line":3,"column":39}},"2":{"start":{"line":6,"column":0},"end":{"line":6,"column":31}}},"fnMap":{"0":{"name":"ensureInt","decl":{"start":{"line":1,"column":9},"end":{"line":1,"column":18}},"loc":{"start":{"line":1,"column":22},"end":{"line":4,"column":1}},"line":1}},"branchMap":{"0":{"loc":{"start":{"line":3,"column":9},"end":{"line":3,"column":38}},"type":"cond-expr","locations":[{"start":{"line":3,"column":31},"end":{"line":3,"column":32}},{"start":{"line":3,"column":35},"end":{"line":3,"column":38}}],"line":3}},"s":{"0":4,"1":4,"2":8},"f":{"0":4},"b":{"0":[2,2]},"_coverageSchema":"1a1c01bbd47fc00a2c39e90264f33305004495a9","hash":"ac947ceccf70a922987b46fa11cd80da37db4ad1"}
,"/home/avt/avtomat/backend/utils/validate.js": {"path":"/home/avt/avtomat/backend/utils/validate.js","statementMap":{"0":{"start":{"line":2,"column":2},"end":{"line":2,"column":54}},"1":{"start":{"line":5,"column":0},"end":{"line":5,"column":38}}},"fnMap":{"0":{"name":"isNonEmptyString","decl":{"start":{"line":1,"column":9},"end":{"line":1,"column":25}},"loc":{"start":{"line":1,"column":29},"end":{"line":3,"column":1}},"line":1}},"branchMap":{"0":{"loc":{"start":{"line":2,"column":9},"end":{"line":2,"column":53}},"type":"binary-expr","locations":[{"start":{"line":2,"column":9},"end":{"line":2,"column":30}},{"start":{"line":2,"column":34},"end":{"line":2,"column":53}}],"line":2}},"s":{"0":3,"1":1},"f":{"0":3},"b":{"0":[3,2]},"_coverageSchema":"1a1c01bbd47fc00a2c39e90264f33305004495a9","hash":"388a5d09b367e1089ffd2a48f3bc66078afe6759"}
}
