TN:
SF:server.js
FN:16,(anonymous_0)
FN:42,(anonymous_1)
FN:48,makeToken
FN:52,authOptional
FN:57,(anonymous_4)
FN:65,requireAuth
FN:66,(anonymous_6)
FN:72,requireAdmin
FN:73,(anonymous_8)
FN:85,(anonymous_9)
FN:87,(anonymous_10)
FN:95,(anonymous_11)
FN:100,(anonymous_12)
FN:116,(anonymous_13)
FN:117,(anonymous_14)
FN:118,(anonymous_15)
FN:124,(anonymous_16)
FN:126,(anonymous_17)
FN:128,(anonymous_18)
FN:132,(anonymous_19)
FN:135,(anonymous_20)
FN:136,(anonymous_21)
FN:141,(anonymous_22)
FN:149,updateMountain
FN:151,(anonymous_24)
FN:153,(anonymous_25)
FN:162,(anonymous_26)
FN:164,(anonymous_27)
FN:167,(anonymous_28)
FN:176,(anonymous_29)
FN:180,(anonymous_30)
FN:190,(anonymous_31)
FN:191,(anonymous_32)
FN:197,(anonymous_33)
FN:199,(anonymous_34)
FN:201,(anonymous_35)
FN:203,(anonymous_36)
FN:204,(anonymous_37)
FN:204,(anonymous_38)
FN:209,(anonymous_39)
FN:223,updateGroup
FN:225,(anonymous_41)
FN:238,(anonymous_42)
FN:241,(anonymous_43)
FN:243,(anonymous_44)
FN:248,(anonymous_45)
FN:252,(anonymous_46)
FN:262,(anonymous_47)
FN:266,(anonymous_48)
FN:267,(anonymous_49)
FN:268,(anonymous_50)
FN:269,(anonymous_51)
FN:284,(anonymous_52)
FN:291,(anonymous_53)
FN:299,updateClimber
FN:301,(anonymous_55)
FN:312,(anonymous_56)
FN:314,(anonymous_57)
FN:317,(anonymous_58)
FN:326,(anonymous_59)
FN:328,(anonymous_60)
FN:329,(anonymous_61)
FN:331,(anonymous_62)
FN:331,(anonymous_63)
FN:339,(anonymous_64)
FN:340,(anonymous_65)
FN:343,(anonymous_66)
FN:344,(anonymous_67)
FN:344,(anonymous_68)
FN:344,(anonymous_69)
FN:354,(anonymous_70)
FN:356,(anonymous_71)
FN:358,(anonymous_72)
FN:371,(anonymous_73)
FNF:74
FNH:23
FNDA:18,(anonymous_0)
FNDA:4,(anonymous_1)
FNDA:5,makeToken
FNDA:27,authOptional
FNDA:16,(anonymous_4)
FNDA:9,requireAuth
FNDA:9,(anonymous_6)
FNDA:6,requireAdmin
FNDA:5,(anonymous_8)
FNDA:5,(anonymous_9)
FNDA:6,(anonymous_10)
FNDA:1,(anonymous_11)
FNDA:1,(anonymous_12)
FNDA:1,(anonymous_13)
FNDA:0,(anonymous_14)
FNDA:0,(anonymous_15)
FNDA:0,(anonymous_16)
FNDA:0,(anonymous_17)
FNDA:0,(anonymous_18)
FNDA:0,(anonymous_19)
FNDA:0,(anonymous_20)
FNDA:0,(anonymous_21)
FNDA:2,(anonymous_22)
FNDA:0,updateMountain
FNDA:0,(anonymous_24)
FNDA:0,(anonymous_25)
FNDA:0,(anonymous_26)
FNDA:0,(anonymous_27)
FNDA:0,(anonymous_28)
FNDA:1,(anonymous_29)
FNDA:0,(anonymous_30)
FNDA:1,(anonymous_31)
FNDA:1,(anonymous_32)
FNDA:0,(anonymous_33)
FNDA:0,(anonymous_34)
FNDA:0,(anonymous_35)
FNDA:0,(anonymous_36)
FNDA:0,(anonymous_37)
FNDA:0,(anonymous_38)
FNDA:1,(anonymous_39)
FNDA:0,updateGroup
FNDA:0,(anonymous_41)
FNDA:0,(anonymous_42)
FNDA:0,(anonymous_43)
FNDA:0,(anonymous_44)
FNDA:0,(anonymous_45)
FNDA:0,(anonymous_46)
FNDA:1,(anonymous_47)
FNDA:0,(anonymous_48)
FNDA:0,(anonymous_49)
FNDA:0,(anonymous_50)
FNDA:0,(anonymous_51)
FNDA:1,(anonymous_52)
FNDA:1,(anonymous_53)
FNDA:0,updateClimber
FNDA:0,(anonymous_55)
FNDA:0,(anonymous_56)
FNDA:0,(anonymous_57)
FNDA:0,(anonymous_58)
FNDA:0,(anonymous_59)
FNDA:0,(anonymous_60)
FNDA:0,(anonymous_61)
FNDA:0,(anonymous_62)
FNDA:0,(anonymous_63)
FNDA:1,(anonymous_64)
FNDA:0,(anonymous_65)
FNDA:0,(anonymous_66)
FNDA:0,(anonymous_67)
FNDA:0,(anonymous_68)
FNDA:0,(anonymous_69)
FNDA:0,(anonymous_70)
FNDA:0,(anonymous_71)
FNDA:0,(anonymous_72)
FNDA:0,(anonymous_73)
DA:7,7
DA:8,7
DA:9,7
DA:11,7
DA:12,7
DA:13,7
DA:16,7
DA:17,18
DA:18,18
DA:27,7
DA:33,7
DA:36,7
DA:37,7
DA:38,7
DA:39,7
DA:41,7
DA:42,7
DA:49,5
DA:53,27
DA:54,27
DA:55,27
DA:56,14
DA:57,16
DA:58,14
DA:59,14
DA:62,27
DA:66,9
DA:67,9
DA:68,7
DA:73,6
DA:74,5
DA:75,4
DA:80,7
DA:85,7
DA:86,5
DA:87,6
DA:88,5
DA:89,5
DA:90,5
DA:91,5
DA:95,7
DA:96,1
DA:100,7
DA:101,1
DA:102,1
DA:109,7
DA:116,7
DA:117,1
DA:118,0
DA:119,0
DA:121,1
DA:124,7
DA:125,0
DA:126,0
DA:127,0
DA:128,0
DA:129,0
DA:132,7
DA:133,0
DA:134,0
DA:135,0
DA:136,0
DA:137,0
DA:141,7
DA:142,2
DA:143,2
DA:144,2
DA:145,2
DA:150,0
DA:151,0
DA:152,0
DA:153,0
DA:154,0
DA:155,0
DA:156,0
DA:158,7
DA:159,7
DA:162,7
DA:163,0
DA:164,0
DA:165,0
DA:166,0
DA:167,0
DA:168,0
DA:169,0
DA:176,7
DA:177,1
DA:178,1
DA:179,1
DA:180,0
DA:181,0
DA:182,0
DA:183,0
DA:184,0
DA:185,0
DA:186,0
DA:187,0
DA:190,1
DA:191,1
DA:192,1
DA:194,1
DA:197,7
DA:198,0
DA:199,0
DA:200,0
DA:201,0
DA:202,0
DA:203,0
DA:204,0
DA:205,0
DA:209,7
DA:210,1
DA:211,1
DA:218,1
DA:219,1
DA:224,0
DA:225,0
DA:226,0
DA:227,0
DA:228,0
DA:229,0
DA:230,0
DA:231,0
DA:232,0
DA:234,7
DA:235,7
DA:238,7
DA:239,0
DA:240,0
DA:241,0
DA:242,0
DA:243,0
DA:244,0
DA:248,7
DA:249,0
DA:250,0
DA:251,0
DA:252,0
DA:253,0
DA:254,0
DA:255,0
DA:262,7
DA:263,1
DA:264,1
DA:265,1
DA:266,0
DA:267,0
DA:268,0
DA:269,0
DA:270,0
DA:271,0
DA:272,0
DA:273,0
DA:274,0
DA:275,0
DA:276,0
DA:277,0
DA:283,1
DA:284,1
DA:287,1
DA:291,7
DA:292,1
DA:293,1
DA:294,1
DA:295,1
DA:300,0
DA:301,0
DA:302,0
DA:303,0
DA:304,0
DA:305,0
DA:306,0
DA:308,7
DA:309,7
DA:312,7
DA:313,0
DA:314,0
DA:315,0
DA:316,0
DA:317,0
DA:318,0
DA:319,0
DA:326,7
DA:327,0
DA:328,0
DA:329,0
DA:330,0
DA:331,0
DA:333,0
DA:336,0
DA:339,7
DA:340,1
DA:341,0
DA:343,0
DA:344,0
DA:346,0
DA:348,1
DA:354,7
DA:355,0
DA:356,0
DA:357,0
DA:358,0
DA:359,0
DA:362,0
DA:368,7
DA:370,7
DA:371,0
DA:372,0
DA:376,7
LF:209
LH:100
BRDA:53,0,0,27
BRDA:53,0,1,13
BRDA:54,1,0,14
BRDA:54,1,1,13
BRDA:55,2,0,14
BRDA:55,2,1,13
BRDA:55,3,0,27
BRDA:55,3,1,14
BRDA:58,4,0,14
BRDA:58,4,1,0
BRDA:67,5,0,2
BRDA:67,5,1,7
BRDA:74,6,0,1
BRDA:74,6,1,4
BRDA:86,7,0,5
BRDA:86,7,1,0
BRDA:87,8,0,6
BRDA:87,8,1,5
BRDA:88,9,0,0
BRDA:88,9,1,5
BRDA:127,10,0,0
BRDA:127,10,1,0
BRDA:142,11,0,2
BRDA:142,11,1,0
BRDA:143,12,0,2
BRDA:143,12,1,2
BRDA:152,13,0,0
BRDA:152,13,1,0
BRDA:154,14,0,0
BRDA:154,14,1,0
BRDA:155,15,0,0
BRDA:155,15,1,0
BRDA:165,16,0,0
BRDA:165,16,1,0
BRDA:168,17,0,0
BRDA:168,17,1,0
BRDA:179,18,0,0
BRDA:179,18,1,1
BRDA:179,19,0,1
BRDA:179,19,1,1
BRDA:182,20,0,0
BRDA:182,20,1,0
BRDA:183,21,0,0
BRDA:183,21,1,0
BRDA:184,22,0,0
BRDA:184,22,1,0
BRDA:185,23,0,0
BRDA:185,23,1,0
BRDA:185,24,0,0
BRDA:185,24,1,0
BRDA:185,24,2,0
BRDA:186,25,0,0
BRDA:186,25,1,0
BRDA:186,26,0,0
BRDA:186,26,1,0
BRDA:200,27,0,0
BRDA:200,27,1,0
BRDA:210,28,0,1
BRDA:210,28,1,0
BRDA:216,29,0,1
BRDA:216,29,1,1
BRDA:226,30,0,0
BRDA:226,30,1,0
BRDA:227,31,0,0
BRDA:227,31,1,0
BRDA:228,32,0,0
BRDA:228,32,1,0
BRDA:229,33,0,0
BRDA:229,33,1,0
BRDA:230,34,0,0
BRDA:230,34,1,0
BRDA:231,35,0,0
BRDA:231,35,1,0
BRDA:231,36,0,0
BRDA:231,36,1,0
BRDA:242,37,0,0
BRDA:242,37,1,0
BRDA:250,38,0,0
BRDA:250,38,1,0
BRDA:252,39,0,0
BRDA:252,39,1,0
BRDA:253,40,0,0
BRDA:253,40,1,0
BRDA:265,41,0,0
BRDA:265,41,1,1
BRDA:265,42,0,1
BRDA:265,42,1,1
BRDA:270,43,0,0
BRDA:270,43,1,0
BRDA:272,44,0,0
BRDA:272,44,1,0
BRDA:273,45,0,0
BRDA:273,45,1,0
BRDA:274,46,0,0
BRDA:274,46,1,0
BRDA:275,47,0,0
BRDA:275,47,1,0
BRDA:275,48,0,0
BRDA:275,48,1,0
BRDA:275,48,2,0
BRDA:276,49,0,0
BRDA:276,49,1,0
BRDA:276,50,0,0
BRDA:276,50,1,0
BRDA:283,51,0,1
BRDA:283,51,1,0
BRDA:283,52,0,1
BRDA:283,52,1,0
BRDA:292,53,0,1
BRDA:292,53,1,0
BRDA:302,54,0,0
BRDA:302,54,1,0
BRDA:303,55,0,0
BRDA:303,55,1,0
BRDA:304,56,0,0
BRDA:304,56,1,0
BRDA:305,57,0,0
BRDA:305,57,1,0
BRDA:315,58,0,0
BRDA:315,58,1,0
BRDA:318,59,0,0
BRDA:318,59,1,0
BRDA:331,60,0,0
BRDA:331,60,1,0
BRDA:331,61,0,0
BRDA:331,61,1,0
BRDA:333,62,0,0
BRDA:333,62,1,0
BRDA:357,63,0,0
BRDA:357,63,1,0
BRDA:370,64,0,0
BRDA:370,64,1,7
BRF:132
BRH:33
end_of_record
TN:
SF:utils/ensureInt.js
FN:1,ensureInt
FNF:1
FNH:1
FNDA:4,ensureInt
DA:2,4
DA:3,4
DA:6,8
LF:3
LH:3
BRDA:3,0,0,2
BRDA:3,0,1,2
BRF:2
BRH:2
end_of_record
TN:
SF:utils/validate.js
FN:1,isNonEmptyString
FNF:1
FNH:1
FNDA:3,isNonEmptyString
DA:2,3
DA:5,1
LF:2
LH:2
BRDA:2,0,0,3
BRDA:2,0,1,2
BRF:2
BRH:2
end_of_record
